[0.000000] (-) TimerEvent: {}
[0.009938] (control_ros2) JobQueued: {'identifier': 'control_ros2', 'dependencies': OrderedDict()}
[0.010668] (control_ros2) JobStarted: {'identifier': 'control_ros2'}
[0.081549] (-) TimerEvent: {}
[0.202784] (-) TimerEvent: {}
[0.496951] (-) TimerEvent: {}
[0.569502] (control_ros2) JobProgress: {'identifier': 'control_ros2', 'progress': 'cmake'}
[0.578168] (control_ros2) JobProgress: {'identifier': 'control_ros2', 'progress': 'build'}
[0.586271] (control_ros2) Command: {'cmd': ['/usr/bin/cmake', '--build', '/home/mcav/mcav_ws/src/minidrone/control_ws/build/control_ros2', '--', '-j2', '-l2'], 'cwd': '/home/mcav/mcav_ws/src/minidrone/control_ws/build/control_ros2', 'env': OrderedDict([('TMUX', '/tmp/tmux-1000/default,27123,0'), ('HOSTNAME', 'lachie-mcav'), ('SHLVL', '1'), ('LD_LIBRARY_PATH', '/opt/ros/foxy/opt/yaml_cpp_vendor/lib:/opt/ros/foxy/opt/rviz_ogre_vendor/lib:/opt/ros/foxy/lib/x86_64-linux-gnu:/opt/ros/foxy/lib'), ('SOURCE_DIR', '/home/mcav/mcav_ws/src/minidrone'), ('HOME', '/home/mcav'), ('OLDPWD', '/home/mcav/mcav_ws/src/minidrone/control_ws/src'), ('ROS_PYTHON_VERSION', '3'), ('PS1', '\\[\x1b]0;\\u@docker: \\w\x07\\]\\[\x1b[01;32m\\]\\u@docker\\[\x1b[00m\\]:\\[\x1b[01;34m\\]\\w\\[\x1b[00m\\]$'), ('COLCON_PREFIX_PATH', '/home/mcav/mcav_ws/src/minidrone/control_ws/install'), ('ROS_DISTRO', 'foxy'), ('_', '/usr/bin/colcon'), ('ROS_VERSION', '2'), ('TERM', 'screen-256color'), ('ROS_LOCALHOST_ONLY', '0'), ('PATH', '/opt/ros/foxy/bin:/usr/local/sbin:/usr/local/bin:/usr/sbin:/usr/bin:/sbin:/bin'), ('DISPLAY', ':0'), ('LANG', 'C.UTF-8'), ('ROS1_DISTRO', 'noetic'), ('LS_COLORS', 'rs=0:di=01;34:ln=01;36:mh=00:pi=40;33:so=01;35:do=01;35:bd=40;33;01:cd=40;33;01:or=40;31;01:mi=00:su=37;41:sg=30;43:ca=30;41:tw=30;42:ow=34;42:st=37;44:ex=01;32:*.tar=01;31:*.tgz=01;31:*.arc=01;31:*.arj=01;31:*.taz=01;31:*.lha=01;31:*.lz4=01;31:*.lzh=01;31:*.lzma=01;31:*.tlz=01;31:*.txz=01;31:*.tzo=01;31:*.t7z=01;31:*.zip=01;31:*.z=01;31:*.dz=01;31:*.gz=01;31:*.lrz=01;31:*.lz=01;31:*.lzo=01;31:*.xz=01;31:*.zst=01;31:*.tzst=01;31:*.bz2=01;31:*.bz=01;31:*.tbz=01;31:*.tbz2=01;31:*.tz=01;31:*.deb=01;31:*.rpm=01;31:*.jar=01;31:*.war=01;31:*.ear=01;31:*.sar=01;31:*.rar=01;31:*.alz=01;31:*.ace=01;31:*.zoo=01;31:*.cpio=01;31:*.7z=01;31:*.rz=01;31:*.cab=01;31:*.wim=01;31:*.swm=01;31:*.dwm=01;31:*.esd=01;31:*.jpg=01;35:*.jpeg=01;35:*.mjpg=01;35:*.mjpeg=01;35:*.gif=01;35:*.bmp=01;35:*.pbm=01;35:*.pgm=01;35:*.ppm=01;35:*.tga=01;35:*.xbm=01;35:*.xpm=01;35:*.tif=01;35:*.tiff=01;35:*.png=01;35:*.svg=01;35:*.svgz=01;35:*.mng=01;35:*.pcx=01;35:*.mov=01;35:*.mpg=01;35:*.mpeg=01;35:*.m2v=01;35:*.mkv=01;35:*.webm=01;35:*.ogm=01;35:*.mp4=01;35:*.m4v=01;35:*.mp4v=01;35:*.vob=01;35:*.qt=01;35:*.nuv=01;35:*.wmv=01;35:*.asf=01;35:*.rm=01;35:*.rmvb=01;35:*.flc=01;35:*.avi=01;35:*.fli=01;35:*.flv=01;35:*.gl=01;35:*.dl=01;35:*.xcf=01;35:*.xwd=01;35:*.yuv=01;35:*.cgm=01;35:*.emf=01;35:*.ogv=01;35:*.ogx=01;35:*.aac=00;36:*.au=00;36:*.flac=00;36:*.m4a=00;36:*.mid=00;36:*.midi=00;36:*.mka=00;36:*.mp3=00;36:*.mpc=00;36:*.ogg=00;36:*.ra=00;36:*.wav=00;36:*.oga=00;36:*.opus=00;36:*.spx=00;36:*.xspf=00;36:'), ('ROS2_DISTRO', 'foxy'), ('AMENT_PREFIX_PATH', '/home/mcav/mcav_ws/src/minidrone/control_ws/install/control_ros2:/opt/ros/foxy'), ('SHELL', '/bin/sh'), ('COLCON_WS', '/home/mcav/mcav_ws'), ('PWD', '/home/mcav/mcav_ws/src/minidrone/control_ws/build/control_ros2'), ('LC_ALL', 'C.UTF-8'), ('HOMEDIR', '/home/mcav'), ('PYTHONPATH', '/opt/ros/foxy/lib/python3.8/site-packages'), ('COLCON', '1'), ('TMUX_PANE', '%0'), ('CMAKE_PREFIX_PATH', '/home/mcav/mcav_ws/src/minidrone/control_ws/install/control_ros2')]), 'shell': False}
[0.597833] (-) TimerEvent: {}
[0.706876] (-) TimerEvent: {}
[0.807989] (-) TimerEvent: {}
[0.909285] (-) TimerEvent: {}
[1.009996] (-) TimerEvent: {}
[1.112626] (-) TimerEvent: {}
[1.213504] (-) TimerEvent: {}
[1.317027] (-) TimerEvent: {}
[1.418920] (-) TimerEvent: {}
[1.464669] (control_ros2) StdoutLine: {'line': b'-- Found ament_cmake: 0.9.9 (/opt/ros/foxy/share/ament_cmake/cmake)\n'}
[1.519623] (-) TimerEvent: {}
[1.620353] (-) TimerEvent: {}
[1.720787] (-) TimerEvent: {}
[2.810675] (-) TimerEvent: {}
[2.844097] (control_ros2) StdoutLine: {'line': b'-- Using PYTHON_EXECUTABLE: /usr/bin/python3\n'}
[2.911394] (-) TimerEvent: {}
[3.021157] (-) TimerEvent: {}
[3.122815] (-) TimerEvent: {}
[3.235539] (-) TimerEvent: {}
[3.336452] (-) TimerEvent: {}
[3.437773] (-) TimerEvent: {}
[3.538548] (-) TimerEvent: {}
[3.639464] (-) TimerEvent: {}
[3.740985] (-) TimerEvent: {}
[3.842153] (-) TimerEvent: {}
[3.946427] (-) TimerEvent: {}
[4.065018] (-) TimerEvent: {}
[4.168962] (-) TimerEvent: {}
[4.280852] (-) TimerEvent: {}
[4.385988] (-) TimerEvent: {}
[4.489312] (-) TimerEvent: {}
[4.597092] (-) TimerEvent: {}
[4.697744] (-) TimerEvent: {}
[4.798577] (-) TimerEvent: {}
[4.899516] (-) TimerEvent: {}
[4.930023] (control_ros2) StdoutLine: {'line': b'-- Found rclcpp: 2.4.1 (/opt/ros/foxy/share/rclcpp/cmake)\n'}
[5.000078] (-) TimerEvent: {}
[5.102197] (-) TimerEvent: {}
[5.203508] (-) TimerEvent: {}
[5.304747] (-) TimerEvent: {}
[5.397872] (control_ros2) StdoutLine: {'line': b'-- Using all available rosidl_typesupport_c: rosidl_typesupport_fastrtps_c;rosidl_typesupport_introspection_c\n'}
[5.405157] (-) TimerEvent: {}
[5.448906] (control_ros2) StdoutLine: {'line': b'-- Found rosidl_adapter: 1.2.1 (/opt/ros/foxy/share/rosidl_adapter/cmake)\n'}
[5.505499] (-) TimerEvent: {}
[5.608662] (-) TimerEvent: {}
[5.719951] (-) TimerEvent: {}
[5.820667] (-) TimerEvent: {}
[5.924870] (-) TimerEvent: {}
[6.026866] (-) TimerEvent: {}
[6.127862] (-) TimerEvent: {}
[6.228666] (-) TimerEvent: {}
[6.330333] (-) TimerEvent: {}
[6.380766] (control_ros2) StdoutLine: {'line': b'-- Found OpenSSL: /usr/lib/x86_64-linux-gnu/libcrypto.so (found version "1.1.1f")  \n'}
[6.430538] (-) TimerEvent: {}
[6.511916] (control_ros2) StdoutLine: {'line': b'-- Found FastRTPS: /opt/ros/foxy/include  \n'}
[6.530890] (-) TimerEvent: {}
[6.632106] (-) TimerEvent: {}
[6.733067] (-) TimerEvent: {}
[6.833925] (-) TimerEvent: {}
[6.937059] (-) TimerEvent: {}
[7.044770] (-) TimerEvent: {}
[7.102187] (control_ros2) StdoutLine: {'line': b'-- Using all available rosidl_typesupport_cpp: rosidl_typesupport_fastrtps_cpp;rosidl_typesupport_introspection_cpp\n'}
[7.145421] (-) TimerEvent: {}
[7.246501] (-) TimerEvent: {}
[7.347583] (-) TimerEvent: {}
[7.448975] (-) TimerEvent: {}
[7.552440] (-) TimerEvent: {}
[7.574232] (control_ros2) StdoutLine: {'line': b'-- Found rmw_implementation_cmake: 1.0.3 (/opt/ros/foxy/share/rmw_implementation_cmake/cmake)\n'}
[7.585563] (control_ros2) StdoutLine: {'line': b"-- Using RMW implementation 'rmw_fastrtps_cpp' as default\n"}
[7.598441] (control_ros2) StdoutLine: {'line': b'-- Looking for pthread.h\n'}
[7.653258] (-) TimerEvent: {}
[7.757583] (-) TimerEvent: {}
[7.860761] (-) TimerEvent: {}
[7.965276] (-) TimerEvent: {}
[8.069028] (-) TimerEvent: {}
[8.169691] (-) TimerEvent: {}
[8.270326] (-) TimerEvent: {}
[8.373748] (-) TimerEvent: {}
[8.476083] (-) TimerEvent: {}
[8.578481] (-) TimerEvent: {}
[8.680040] (-) TimerEvent: {}
[8.781765] (-) TimerEvent: {}
[8.884059] (-) TimerEvent: {}
[8.985489] (-) TimerEvent: {}
[9.087018] (-) TimerEvent: {}
[9.187686] (-) TimerEvent: {}
[9.290466] (-) TimerEvent: {}
[9.392867] (-) TimerEvent: {}
[9.393307] (control_ros2) StdoutLine: {'line': b'-- Looking for pthread.h - found\n'}
[9.401430] (control_ros2) StdoutLine: {'line': b'-- Performing Test CMAKE_HAVE_LIBC_PTHREAD\n'}
[9.496705] (-) TimerEvent: {}
[9.605562] (-) TimerEvent: {}
[9.721354] (-) TimerEvent: {}
[9.826863] (-) TimerEvent: {}
[9.929716] (-) TimerEvent: {}
[9.976505] (control_ros2) StdoutLine: {'line': b'-- Performing Test CMAKE_HAVE_LIBC_PTHREAD - Failed\n'}
[9.977321] (control_ros2) StdoutLine: {'line': b'-- Looking for pthread_create in pthreads\n'}
[10.037401] (-) TimerEvent: {}
[10.138376] (-) TimerEvent: {}
[10.241008] (-) TimerEvent: {}
[10.342238] (-) TimerEvent: {}
[10.366458] (control_ros2) StdoutLine: {'line': b'-- Looking for pthread_create in pthreads - not found\n'}
[10.367913] (control_ros2) StdoutLine: {'line': b'-- Looking for pthread_create in pthread\n'}
[10.443221] (-) TimerEvent: {}
[10.552554] (-) TimerEvent: {}
[10.664721] (-) TimerEvent: {}
[10.765321] (-) TimerEvent: {}
[10.866379] (-) TimerEvent: {}
[10.968366] (-) TimerEvent: {}
[11.072701] (-) TimerEvent: {}
[11.176887] (-) TimerEvent: {}
[11.279144] (-) TimerEvent: {}
[11.392521] (-) TimerEvent: {}
[11.494153] (-) TimerEvent: {}
[13.943207] (-) TimerEvent: {}
[14.068823] (-) TimerEvent: {}
[14.072811] (control_ros2) StdoutLine: {'line': b'-- Looking for pthread_create in pthread - found\n'}
[14.075045] (control_ros2) StdoutLine: {'line': b'-- Found Threads: TRUE  \n'}
[14.184710] (-) TimerEvent: {}
[14.286337] (-) TimerEvent: {}
[14.387569] (-) TimerEvent: {}
[14.492632] (-) TimerEvent: {}
[14.593470] (-) TimerEvent: {}
[14.694757] (-) TimerEvent: {}
[14.796338] (-) TimerEvent: {}
[18.753366] (-) TimerEvent: {}
[18.872833] (-) TimerEvent: {}
[18.973326] (-) TimerEvent: {}
[19.074043] (-) TimerEvent: {}
[19.178125] (-) TimerEvent: {}
[19.278936] (-) TimerEvent: {}
[19.389060] (-) TimerEvent: {}
[19.493372] (-) TimerEvent: {}
[19.594957] (-) TimerEvent: {}
[20.091941] (-) TimerEvent: {}
[20.197234] (-) TimerEvent: {}
[20.308309] (-) TimerEvent: {}
[20.409221] (-) TimerEvent: {}
[20.565235] (-) TimerEvent: {}
[20.672651] (-) TimerEvent: {}
[20.773632] (-) TimerEvent: {}
[21.328121] (-) TimerEvent: {}
[21.432972] (-) TimerEvent: {}
[21.569334] (-) TimerEvent: {}
[21.692647] (-) TimerEvent: {}
[21.794967] (-) TimerEvent: {}
[21.815327] (control_ros2) StdoutLine: {'line': b'-- Found rclpy: 1.0.8 (/opt/ros/foxy/share/rclpy/cmake)\n'}
[21.829138] (control_ros2) StdoutLine: {'line': b'-- Found ament_lint_auto: 0.9.6 (/opt/ros/foxy/share/ament_lint_auto/cmake)\n'}
[21.899174] (-) TimerEvent: {}
[22.000266] (-) TimerEvent: {}
[22.101035] (-) TimerEvent: {}
[22.213065] (-) TimerEvent: {}
[22.328119] (-) TimerEvent: {}
[22.434201] (-) TimerEvent: {}
[22.552728] (-) TimerEvent: {}
[22.622811] (control_ros2) StderrLine: {'line': b"Error parsing '/home/mcav/mcav_ws/src/minidrone/control_ws/src/control_ros2/package.xml':\n"}
[22.637698] (control_ros2) StderrLine: {'line': b'Traceback (most recent call last):\n'}
[22.638617] (control_ros2) StderrLine: {'line': b'  File "/opt/ros/foxy/share/ament_cmake_core/cmake/core/package_xml_2_cmake.py", line 143, in <module>\n'}
[22.638949] (control_ros2) StderrLine: {'line': b'    main()\n'}
[22.639341] (control_ros2) StderrLine: {'line': b'  File "/opt/ros/foxy/share/ament_cmake_core/cmake/core/package_xml_2_cmake.py", line 52, in main\n'}
[22.653588] (-) TimerEvent: {}
[22.654932] (control_ros2) StderrLine: {'line': b'    raise e\n'}
[22.674385] (control_ros2) StderrLine: {'line': b'  File "/opt/ros/foxy/share/ament_cmake_core/cmake/core/package_xml_2_cmake.py", line 48, in main\n'}
[22.674611] (control_ros2) StderrLine: {'line': b'    package = parse_package_string(\n'}
[22.674736] (control_ros2) StderrLine: {'line': b'  File "/usr/lib/python3/dist-packages/catkin_pkg/package.py", line 786, in parse_package_string\n'}
[22.674848] (control_ros2) StderrLine: {'line': b"    raise InvalidPackage('Error(s):%s' % (''.join(['\\n- %s' % e for e in errors])), filename)\n"}
[22.675020] (control_ros2) StderrLine: {'line': b"catkin_pkg.package.InvalidPackage: Error(s) in package '/home/mcav/mcav_ws/src/minidrone/control_ws/src/control_ros2/package.xml':\n"}
[22.675132] (control_ros2) StderrLine: {'line': b'Error(s):\n'}
[22.675236] (control_ros2) StderrLine: {'line': b'- The manifest of package "control_ros2" (with format version 3) must not contain the following tags: build_depend_export\n'}
[22.726278] (control_ros2) StderrLine: {'line': b'CMake Error at /opt/ros/foxy/share/ament_cmake_core/cmake/core/ament_package_xml.cmake:94 (message):\n'}
[22.726838] (control_ros2) StderrLine: {'line': b'  execute_process(/usr/bin/python3\n'}
[22.727353] (control_ros2) StderrLine: {'line': b'  /opt/ros/foxy/share/ament_cmake_core/cmake/core/package_xml_2_cmake.py\n'}
[22.727708] (control_ros2) StderrLine: {'line': b'  /home/mcav/mcav_ws/src/minidrone/control_ws/src/control_ros2/package.xml\n'}
[22.728166] (control_ros2) StderrLine: {'line': b'  /home/mcav/mcav_ws/src/minidrone/control_ws/build/control_ros2/ament_cmake_core/package.cmake)\n'}
[22.729246] (control_ros2) StderrLine: {'line': b'  returned error code 1\n'}
[22.729474] (control_ros2) StderrLine: {'line': b'Call Stack (most recent call first):\n'}
[22.729663] (control_ros2) StderrLine: {'line': b'  /opt/ros/foxy/share/ament_cmake_core/cmake/core/ament_package_xml.cmake:49 (_ament_package_xml)\n'}
[22.729885] (control_ros2) StderrLine: {'line': b'  /opt/ros/foxy/share/ament_lint_auto/cmake/ament_lint_auto_find_test_dependencies.cmake:31 (ament_package_xml)\n'}
[22.739029] (control_ros2) StderrLine: {'line': b'  CMakeLists.txt:36 (ament_lint_auto_find_test_dependencies)\n'}
[22.739333] (control_ros2) StderrLine: {'line': b'\n'}
[22.739766] (control_ros2) StderrLine: {'line': b'\n'}
[22.740229] (control_ros2) StdoutLine: {'line': b'-- Configuring incomplete, errors occurred!\n'}
[22.740403] (control_ros2) StdoutLine: {'line': b'See also "/home/mcav/mcav_ws/src/minidrone/control_ws/build/control_ros2/CMakeFiles/CMakeOutput.log".\n'}
[22.748833] (control_ros2) StdoutLine: {'line': b'See also "/home/mcav/mcav_ws/src/minidrone/control_ws/build/control_ros2/CMakeFiles/CMakeError.log".\n'}
[22.757277] (-) TimerEvent: {}
[22.821716] (control_ros2) StderrLine: {'line': b'make: *** [Makefile:222: cmake_check_build_system] Error 1\n'}
[22.823197] (control_ros2) CommandEnded: {'returncode': 2}
[22.840098] (control_ros2) JobEnded: {'identifier': 'control_ros2', 'rc': 2}
[22.858888] (-) TimerEvent: {}
[22.861896] (-) EventReactorShutdown: {}
