[0.576s] Invoking command in '/home/mcav/mcav_ws/src/minidrone/control_ws/build/control_ros2': PS1=\[]0;\u@docker: \w\]\[[01;32m\]\u@docker\[[00m\]:\[[01;34m\]\w\[[00m\]$ /usr/bin/cmake --build /home/mcav/mcav_ws/src/minidrone/control_ws/build/control_ros2 -- -j2 -l2
[1.454s] -- Found ament_cmake: 0.9.9 (/opt/ros/foxy/share/ament_cmake/cmake)
[2.842s] -- Using PYTHON_EXECUTABLE: /usr/bin/python3
[4.919s] -- Found rclcpp: 2.4.1 (/opt/ros/foxy/share/rclcpp/cmake)
[5.387s] -- Using all available rosidl_typesupport_c: rosidl_typesupport_fastrtps_c;rosidl_typesupport_introspection_c
[5.438s] -- Found rosidl_adapter: 1.2.1 (/opt/ros/foxy/share/rosidl_adapter/cmake)
[6.370s] -- Found OpenSSL: /usr/lib/x86_64-linux-gnu/libcrypto.so (found version "1.1.1f")  
[6.501s] -- Found FastRTPS: /opt/ros/foxy/include  
[7.091s] -- Using all available rosidl_typesupport_cpp: rosidl_typesupport_fastrtps_cpp;rosidl_typesupport_introspection_cpp
[7.563s] -- Found rmw_implementation_cmake: 1.0.3 (/opt/ros/foxy/share/rmw_implementation_cmake/cmake)
[7.574s] -- Using RMW implementation 'rmw_fastrtps_cpp' as default
[7.587s] -- Looking for pthread.h
[9.382s] -- Looking for pthread.h - found
[9.390s] -- Performing Test CMAKE_HAVE_LIBC_PTHREAD
[9.965s] -- Performing Test CMAKE_HAVE_LIBC_PTHREAD - Failed
[9.966s] -- Looking for pthread_create in pthreads
[10.355s] -- Looking for pthread_create in pthreads - not found
[10.357s] -- Looking for pthread_create in pthread
[14.062s] -- Looking for pthread_create in pthread - found
[14.064s] -- Found Threads: TRUE  
[21.804s] -- Found rclpy: 1.0.8 (/opt/ros/foxy/share/rclpy/cmake)
[21.818s] -- Found ament_lint_auto: 0.9.6 (/opt/ros/foxy/share/ament_lint_auto/cmake)
[22.612s] Error parsing '/home/mcav/mcav_ws/src/minidrone/control_ws/src/control_ros2/package.xml':
[22.627s] Traceback (most recent call last):
[22.627s]   File "/opt/ros/foxy/share/ament_cmake_core/cmake/core/package_xml_2_cmake.py", line 143, in <module>
[22.628s]     main()
[22.628s]   File "/opt/ros/foxy/share/ament_cmake_core/cmake/core/package_xml_2_cmake.py", line 52, in main
[22.663s]     raise e
[22.663s]   File "/opt/ros/foxy/share/ament_cmake_core/cmake/core/package_xml_2_cmake.py", line 48, in main
[22.663s]     package = parse_package_string(
[22.663s]   File "/usr/lib/python3/dist-packages/catkin_pkg/package.py", line 786, in parse_package_string
[22.664s]     raise InvalidPackage('Error(s):%s' % (''.join(['\n- %s' % e for e in errors])), filename)
[22.664s] catkin_pkg.package.InvalidPackage: Error(s) in package '/home/mcav/mcav_ws/src/minidrone/control_ws/src/control_ros2/package.xml':
[22.664s] Error(s):
[22.664s] - The manifest of package "control_ros2" (with format version 3) must not contain the following tags: build_depend_export
[22.715s] CMake Error at /opt/ros/foxy/share/ament_cmake_core/cmake/core/ament_package_xml.cmake:94 (message):
[22.716s]   execute_process(/usr/bin/python3
[22.716s]   /opt/ros/foxy/share/ament_cmake_core/cmake/core/package_xml_2_cmake.py
[22.717s]   /home/mcav/mcav_ws/src/minidrone/control_ws/src/control_ros2/package.xml
[22.718s]   /home/mcav/mcav_ws/src/minidrone/control_ws/build/control_ros2/ament_cmake_core/package.cmake)
[22.718s]   returned error code 1
[22.718s] Call Stack (most recent call first):
[22.718s]   /opt/ros/foxy/share/ament_cmake_core/cmake/core/ament_package_xml.cmake:49 (_ament_package_xml)
[22.727s]   /opt/ros/foxy/share/ament_lint_auto/cmake/ament_lint_auto_find_test_dependencies.cmake:31 (ament_package_xml)
[22.728s]   CMakeLists.txt:36 (ament_lint_auto_find_test_dependencies)
[22.728s] 
[22.729s] 
[22.729s] -- Configuring incomplete, errors occurred!
[22.737s] See also "/home/mcav/mcav_ws/src/minidrone/control_ws/build/control_ros2/CMakeFiles/CMakeOutput.log".
[22.737s] See also "/home/mcav/mcav_ws/src/minidrone/control_ws/build/control_ros2/CMakeFiles/CMakeError.log".
[22.812s] make: *** [Makefile:222: cmake_check_build_system] Error 1
[22.812s] Invoked command in '/home/mcav/mcav_ws/src/minidrone/control_ws/build/control_ros2' returned '2': PS1=\[]0;\u@docker: \w\]\[[01;32m\]\u@docker\[[00m\]:\[[01;34m\]\w\[[00m\]$ /usr/bin/cmake --build /home/mcav/mcav_ws/src/minidrone/control_ws/build/control_ros2 -- -j2 -l2
